     1                                  section .text
     2                                  global main
     3                                  
     4                                  main:
     5 00000000 55                          push rbp
     6 00000001 4889E5                      mov rbp, rsp
     7                                  
     8 00000004 9BDBE3                      finit
     9 00000007 4881EC20030000              sub rsp, 800
    10 0000000E 4889E5                      mov rbp, rsp
    11 00000011 4881C420030000              add rsp, 800
    12                                  
    13 00000018 68581B0000                  push 7000
    14 0000001D 68DC050000                  push 1500
    15 00000022 DB442408                    fild dword [rsp+8]
    16 00000026 DF2C24                      fild qword [rsp]
    17 00000029 68E8030000                  push dword 1000
    18 0000002E DA3424                      fidiv dword [rsp]
    19 00000031 D9FA                        fsqrt
    20 00000033 4881C420030000              add rsp, 800
    21 0000003A DF3C24                      fistp qword [rsp]
    22                                  
    23 0000003D 4F8B2CEE                    mov r13, qword [r14 + r13 * 8]
    24                                  
    25 00000041 415D                        pop  r13
    26 00000043 4E8B74ED00                  mov  r14, qword [rbp + r13 * 8]
    27 00000048 4156                        push r14
    28                                  
    29 0000004A 4C89F0                      mov rax, r14
    30 0000004D 4D39F5                      cmp r13, r14
    31                                  
    32 00000050 B801000000                  mov rax, 0x01
    33 00000055 BF01000000                  mov rdi, 1
    34 0000005A 48BE-                       mov rsi, Msg
    34 0000005C [0000000000000000] 
    35 00000064 BA14000000                  mov rdx, MsgLen
    36 00000069 0F05                        syscall
    37                                  
    38 0000006B 5D                          pop rbp
    39                                  
    40 0000006C B83C000000                  mov rax, 0x3C
    41 00000071 4831FF                      xor rdi, rdi
    42 00000074 0F05                        syscall
    43                                  
    44                                  section .data
    45                                  
    46 00000000 50726F6772616D6D20-     Msg:    db  "Programm for check!", 0x0A
    46 00000009 666F7220636865636B-
    46 00000012 210A               
    47                                  MsgLen: equ $ - Msg
